<?xml version="1.0" encoding="UTF-8"?>
<!-- Generated by org.testng.reporters.JUnitReportReporter -->
<testsuite hostname="DESKTOP-N0192LD" failures="0" tests="1" name="scrolling.Scrolling" time="10.888" errors="0" timestamp="2021-09-16T11:49:57 BDT" skipped="0">
  <testcase classname="scrolling.Scrolling" name="scrolling" time="10.888"/>
  <system-out/>
</testsuite> <!-- scrolling.Scrolling -->
